<?xml version="1.0" encoding="UTF-8"?>
<!-- Generated by org.testng.reporters.JUnitReportReporter -->
<testsuite skipped="0" hostname="synps3152422" name="testcases.TC03" tests="1" failures="0" timestamp="2020-06-23T01:51:07 IST" time="8.682" errors="0">
  <testcase name="logoValidation" time="8.682" classname="testcases.TC03"/>
  <system-out/>
</testsuite> <!-- testcases.TC03 -->
