<?xml version="1.0" encoding="UTF-8"?>
<!-- Generated by org.testng.reporters.JUnitReportReporter -->
<testsuite skipped="0" hostname="synps3152422" name="testcases.TC04" tests="1" failures="0" timestamp="2020-06-18T01:13:26 IST" time="6.030" errors="0">
  <testcase name="userValidation" time="6.030" classname="testcases.TC04"/>
  <system-out/>
</testsuite> <!-- testcases.TC04 -->
