<?xml version="1.0" encoding="UTF-8"?>
<!-- Generated by org.testng.reporters.JUnitReportReporter -->
<testsuite skipped="0" hostname="synps3152422" name="testcases.TC05" tests="1" failures="0" timestamp="2020-06-23T01:51:07 IST" time="8.560" errors="0">
  <testcase name="supportValidation" time="8.560" classname="testcases.TC05"/>
  <system-out/>
</testsuite> <!-- testcases.TC05 -->
