<?xml version="1.0" encoding="UTF-8"?>
<!-- Generated by org.testng.reporters.JUnitReportReporter -->
<testsuite skipped="0" hostname="synps3152422" name="testcases.TC06" tests="1" failures="0" timestamp="2020-06-22T20:52:30 IST" time="14.566" errors="0">
  <testcase name="earnCreditNavigation" time="14.566" classname="testcases.TC06"/>
  <system-out/>
</testsuite> <!-- testcases.TC06 -->
