<?xml version="1.0" encoding="UTF-8"?>
<!-- Generated by org.testng.reporters.JUnitReportReporter -->
<testsuite skipped="0" hostname="synps3152422" name="testcases.TC11" tests="1" failures="0" timestamp="2020-06-23T01:51:07 IST" time="8.557" errors="0">
  <testcase name="productWindows" time="8.557" classname="testcases.TC11"/>
  <system-out/>
</testsuite> <!-- testcases.TC11 -->
