<?xml version="1.0" encoding="UTF-8"?>
<!-- Generated by org.testng.reporters.JUnitReportReporter -->
<testsuite skipped="0" hostname="synps3152422" name="testcases.TC02" tests="2" failures="0" timestamp="2020-06-23T01:51:07 IST" time="66.064" errors="0">
  <testcase name="headerValidation" time="32.384" classname="testcases.TC02"/>
  <system-out/>
  <testcase name="headerValidation" time="33.680" classname="testcases.TC02"/>
  <system-out/>
</testsuite> <!-- testcases.TC02 -->
