<?xml version="1.0" encoding="UTF-8"?>
<!-- Generated by org.testng.reporters.JUnitReportReporter -->
<testsuite hostname="synps3152422" failures="0" tests="1" name="testcases.TC01" time="8.718" errors="0" timestamp="2020-06-23T00:56:41 IST" skipped="0">
  <testcase classname="testcases.TC01" name="loginValidation" time="8.718"/>
  <system-out/>
</testsuite> <!-- testcases.TC01 -->
